0 info it worked if it ends with ok
1 verbose cli [ '/usr/bin/node', '/usr/bin/npm', 'run', 'test' ]
2 info using npm@3.5.2
3 info using node@v8.10.0
4 verbose run-script [ 'pretest', 'test', 'posttest' ]
5 info lifecycle md-links@0.1.1~pretest: md-links@0.1.1
6 silly lifecycle md-links@0.1.1~pretest: no script for pretest, continuing
7 info lifecycle md-links@0.1.1~test: md-links@0.1.1
8 verbose lifecycle md-links@0.1.1~test: unsafe-perm in lifecycle true
9 verbose lifecycle md-links@0.1.1~test: PATH: /usr/share/npm/bin/node-gyp-bin:/home/laboratoria-190/Escritorio/LaboratoriaW/GDL003-md-links/node_modules/.bin:/usr/local/sbin:/usr/local/bin:/usr/sbin:/usr/bin:/sbin:/bin:/usr/games:/usr/local/games:/snap/bin
10 verbose lifecycle md-links@0.1.1~test: CWD: /home/laboratoria-190/Escritorio/LaboratoriaW/GDL003-md-links
11 silly lifecycle md-links@0.1.1~test: Args: [ '-c', 'echo "Error: no test specified" && exit 1' ]
12 silly lifecycle md-links@0.1.1~test: Returned: code: 1  signal: null
13 info lifecycle md-links@0.1.1~test: Failed to exec test script
14 verbose stack Error: md-links@0.1.1 test: `echo "Error: no test specified" && exit 1`
14 verbose stack Exit status 1
14 verbose stack     at EventEmitter.<anonymous> (/usr/share/npm/lib/utils/lifecycle.js:232:16)
14 verbose stack     at emitTwo (events.js:126:13)
14 verbose stack     at EventEmitter.emit (events.js:214:7)
14 verbose stack     at ChildProcess.<anonymous> (/usr/share/npm/lib/utils/spawn.js:24:14)
14 verbose stack     at emitTwo (events.js:126:13)
14 verbose stack     at ChildProcess.emit (events.js:214:7)
14 verbose stack     at maybeClose (internal/child_process.js:925:16)
14 verbose stack     at Process.ChildProcess._handle.onexit (internal/child_process.js:209:5)
15 verbose pkgid md-links@0.1.1
16 verbose cwd /home/laboratoria-190/Escritorio/LaboratoriaW/GDL003-md-links
17 error Linux 4.15.0-58-generic
18 error argv "/usr/bin/node" "/usr/bin/npm" "run" "test"
19 error node v8.10.0
20 error npm  v3.5.2
21 error code ELIFECYCLE
22 error md-links@0.1.1 test: `echo "Error: no test specified" && exit 1`
22 error Exit status 1
23 error Failed at the md-links@0.1.1 test script 'echo "Error: no test specified" && exit 1'.
23 error Make sure you have the latest version of node.js and npm installed.
23 error If you do, this is most likely a problem with the md-links package,
23 error not with npm itself.
23 error Tell the author that this fails on your system:
23 error     echo "Error: no test specified" && exit 1
23 error You can get information on how to open an issue for this project with:
23 error     npm bugs md-links
23 error Or if that isn't available, you can get their info via:
23 error     npm owner ls md-links
23 error There is likely additional logging output above.
24 verbose exit [ 1, true ]
